# JRE version: OpenJDK Runtime Environment Temurin-17.0.6+10 (17.0.6+10) (build 17.0.6+10)
# Java VM: OpenJDK 64-Bit Server VM Temurin-17.0.6+10 (17.0.6+10, mixed mode, tiered, compressed oops, compressed class ptrs, parallel gc, linux-amd64)
GC Precious Log:
 CPUs: 4 total, 4 available
 Memory: 7867M
 Large Page Support: Disabled
 NUMA Support: Disabled
 Compressed Oops: Enabled (32-bit)
 Alignments: Space 512K, Generation 512K, Heap 2M
 Heap Min Capacity: 100M
 Heap Initial Capacity: 100M
 Heap Max Capacity: 1G
 Pre-touch: Disabled
 Parallel Workers: 4
Heap:
 PSYoungGen      total 24064K, used 23755K [0x00000000eab00000, 0x00000000ec580000, 0x0000000100000000)
  eden space 22016K, 99% used [0x00000000eab00000,0x00000000ec072c18,0x00000000ec080000)
  from space 2048K, 87% used [0x00000000ec380000,0x00000000ec540020,0x00000000ec580000)
  to   space 2048K, 0% used [0x00000000ec180000,0x00000000ec180000,0x00000000ec380000)
 ParOldGen       total 68608K, used 17269K [0x00000000c0000000, 0x00000000c4300000, 0x00000000eab00000)
  object space 68608K, 25% used [0x00000000c0000000,0x00000000c10dd4f0,0x00000000c4300000)
 Metaspace       used 47983K, committed 48768K, reserved 1097728K
  class space    used 5227K, committed 5568K, reserved 1048576K
GC Heap History (20 events):
Event: 13.373 GC heap before
{Heap before GC invocations=7 (full 1):
 PSYoungGen      total 27136K, used 26758K [0x00000000eab00000, 0x00000000ec980000, 0x0000000100000000)
  eden space 25088K, 99% used [0x00000000eab00000,0x00000000ec37f990,0x00000000ec380000)
  from space 2048K, 81% used [0x00000000ec400000,0x00000000ec5a1ef8,0x00000000ec600000)
  to   space 3072K, 0% used [0x00000000ec680000,0x00000000ec680000,0x00000000ec980000)
 ParOldGen       total 68608K, used 7918K [0x00000000c0000000, 0x00000000c4300000, 0x00000000eab00000)
  object space 68608K, 11% used [0x00000000c0000000,0x00000000c07bb928,0x00000000c4300000)
 Metaspace       used 28136K, committed 28736K, reserved 1081344K
  class space    used 2850K, committed 3136K, reserved 1048576K
}
Event: 13.375 GC heap after
{Heap after GC invocations=7 (full 1):
 PSYoungGen      total 26624K, used 1874K [0x00000000eab00000, 0x00000000ec880000, 0x0000000100000000)
  eden space 24576K, 0% used [0x00000000eab00000,0x00000000eab00000,0x00000000ec300000)
  from space 2048K, 91% used [0x00000000ec680000,0x00000000ec8549e8,0x00000000ec880000)
  to   space 2048K, 0% used [0x00000000ec480000,0x00000000ec480000,0x00000000ec680000)
 ParOldGen       total 68608K, used 7918K [0x00000000c0000000, 0x00000000c4300000, 0x00000000eab00000)
  object space 68608K, 11% used [0x00000000c0000000,0x00000000c07bb928,0x00000000c4300000)
 Metaspace       used 28136K, committed 28736K, reserved 1081344K
  class space    used 2850K, committed 3136K, reserved 1048576K
}
Event: 13.747 GC heap before
{Heap before GC invocations=8 (full 1):
 PSYoungGen      total 26624K, used 26450K [0x00000000eab00000, 0x00000000ec880000, 0x0000000100000000)
  eden space 24576K, 100% used [0x00000000eab00000,0x00000000ec300000,0x00000000ec300000)
  from space 2048K, 91% used [0x00000000ec680000,0x00000000ec8549e8,0x00000000ec880000)
  to   space 2048K, 0% used [0x00000000ec480000,0x00000000ec480000,0x00000000ec680000)
 ParOldGen       total 68608K, used 7918K [0x00000000c0000000, 0x00000000c4300000, 0x00000000eab00000)
  object space 68608K, 11% used [0x00000000c0000000,0x00000000c07bb928,0x00000000c4300000)
 Metaspace       used 31173K, committed 31744K, reserved 1081344K
  class space    used 3102K, committed 3328K, reserved 1048576K
}
Event: 13.752 GC heap after
{Heap after GC invocations=8 (full 1):
 PSYoungGen      total 26112K, used 2038K [0x00000000eab00000, 0x00000000ec980000, 0x0000000100000000)
  eden space 24064K, 0% used [0x00000000eab00000,0x00000000eab00000,0x00000000ec280000)
  from space 2048K, 99% used [0x00000000ec480000,0x00000000ec67d868,0x00000000ec680000)
  to   space 3072K, 0% used [0x00000000ec680000,0x00000000ec680000,0x00000000ec980000)
 ParOldGen       total 68608K, used 8822K [0x00000000c0000000, 0x00000000c4300000, 0x00000000eab00000)
  object space 68608K, 12% used [0x00000000c0000000,0x00000000c089d9c8,0x00000000c4300000)
 Metaspace       used 31173K, committed 31744K, reserved 1081344K
  class space    used 3102K, committed 3328K, reserved 1048576K
}
Event: 14.940 GC heap before
{Heap before GC invocations=9 (full 1):
 PSYoungGen      total 26112K, used 26102K [0x00000000eab00000, 0x00000000ec980000, 0x0000000100000000)
  eden space 24064K, 100% used [0x00000000eab00000,0x00000000ec280000,0x00000000ec280000)
  from space 2048K, 99% used [0x00000000ec480000,0x00000000ec67d868,0x00000000ec680000)
  to   space 3072K, 0% used [0x00000000ec680000,0x00000000ec680000,0x00000000ec980000)
 ParOldGen       total 68608K, used 8822K [0x00000000c0000000, 0x00000000c4300000, 0x00000000eab00000)
  object space 68608K, 12% used [0x00000000c0000000,0x00000000c089d9f0,0x00000000c4300000)
 Metaspace       used 35076K, committed 35776K, reserved 1081344K
  class space    used 3619K, committed 3904K, reserved 1048576K
}
Event: 14.948 GC heap after
{Heap after GC invocations=9 (full 1):
 PSYoungGen      total 27136K, used 2934K [0x00000000eab00000, 0x00000000ec980000, 0x0000000100000000)
  eden space 24064K, 0% used [0x00000000eab00000,0x00000000eab00000,0x00000000ec280000)
  from space 3072K, 95% used [0x00000000ec680000,0x00000000ec95db38,0x00000000ec980000)
  to   space 3072K, 0% used [0x00000000ec380000,0x00000000ec380000,0x00000000ec680000)
 ParOldGen       total 68608K, used 8830K [0x00000000c0000000, 0x00000000c4300000, 0x00000000eab00000)
  object space 68608K, 12% used [0x00000000c0000000,0x00000000c089f9f0,0x00000000c4300000)
 Metaspace       used 35076K, committed 35776K, reserved 1081344K
  class space    used 3619K, committed 3904K, reserved 1048576K
}
Event: 14.954 GC heap before
{Heap before GC invocations=10 (full 1):
 PSYoungGen      total 27136K, used 3418K [0x00000000eab00000, 0x00000000ec980000, 0x0000000100000000)
  eden space 24064K, 2% used [0x00000000eab00000,0x00000000eab78ce0,0x00000000ec280000)
  from space 3072K, 95% used [0x00000000ec680000,0x00000000ec95db38,0x00000000ec980000)
  to   space 3072K, 0% used [0x00000000ec380000,0x00000000ec380000,0x00000000ec680000)
 ParOldGen       total 68608K, used 8830K [0x00000000c0000000, 0x00000000c4300000, 0x00000000eab00000)
  object space 68608K, 12% used [0x00000000c0000000,0x00000000c089f9f0,0x00000000c4300000)
 Metaspace       used 35127K, committed 35840K, reserved 1081344K
  class space    used 3628K, committed 3904K, reserved 1048576K
}
Event: 14.964 GC heap after
{Heap after GC invocations=10 (full 1):
 PSYoungGen      total 26112K, used 1687K [0x00000000eab00000, 0x00000000ec780000, 0x0000000100000000)
  eden space 24064K, 0% used [0x00000000eab00000,0x00000000eab00000,0x00000000ec280000)
  from space 2048K, 82% used [0x00000000ec380000,0x00000000ec525e08,0x00000000ec580000)
  to   space 2048K, 0% used [0x00000000ec580000,0x00000000ec580000,0x00000000ec780000)
 ParOldGen       total 68608K, used 10140K [0x00000000c0000000, 0x00000000c4300000, 0x00000000eab00000)
  object space 68608K, 14% used [0x00000000c0000000,0x00000000c09e7048,0x00000000c4300000)
 Metaspace       used 35127K, committed 35840K, reserved 1081344K
  class space    used 3628K, committed 3904K, reserved 1048576K
}
Event: 14.964 GC heap before
{Heap before GC invocations=11 (full 2):
 PSYoungGen      total 26112K, used 1687K [0x00000000eab00000, 0x00000000ec780000, 0x0000000100000000)
  eden space 24064K, 0% used [0x00000000eab00000,0x00000000eab00000,0x00000000ec280000)
  from space 2048K, 82% used [0x00000000ec380000,0x00000000ec525e08,0x00000000ec580000)
  to   space 2048K, 0% used [0x00000000ec580000,0x00000000ec580000,0x00000000ec780000)
 ParOldGen       total 68608K, used 10140K [0x00000000c0000000, 0x00000000c4300000, 0x00000000eab00000)
  object space 68608K, 14% used [0x00000000c0000000,0x00000000c09e7048,0x00000000c4300000)
 Metaspace       used 35127K, committed 35840K, reserved 1081344K
  class space    used 3628K, committed 3904K, reserved 1048576K
}
Event: 15.021 GC heap after
{Heap after GC invocations=11 (full 2):
 PSYoungGen      total 26112K, used 0K [0x00000000eab00000, 0x00000000ec780000, 0x0000000100000000)
  eden space 24064K, 0% used [0x00000000eab00000,0x00000000eab00000,0x00000000ec280000)
  from space 2048K, 0% used [0x00000000ec380000,0x00000000ec380000,0x00000000ec580000)
  to   space 2048K, 0% used [0x00000000ec580000,0x00000000ec580000,0x00000000ec780000)
 ParOldGen       total 68608K, used 11570K [0x00000000c0000000, 0x00000000c4300000, 0x00000000eab00000)
  object space 68608K, 16% used [0x00000000c0000000,0x00000000c0b4c8e8,0x00000000c4300000)
 Metaspace       used 35127K, committed 35840K, reserved 1081344K
  class space    used 3628K, committed 3904K, reserved 1048576K
}
Event: 15.571 GC heap before
{Heap before GC invocations=12 (full 2):
 PSYoungGen      total 26112K, used 24064K [0x00000000eab00000, 0x00000000ec780000, 0x0000000100000000)
  eden space 24064K, 100% used [0x00000000eab00000,0x00000000ec280000,0x00000000ec280000)
  from space 2048K, 0% used [0x00000000ec380000,0x00000000ec380000,0x00000000ec580000)
  to   space 2048K, 0% used [0x00000000ec580000,0x00000000ec580000,0x00000000ec780000)
 ParOldGen       total 68608K, used 11573K [0x00000000c0000000, 0x00000000c4300000, 0x00000000eab00000)
  object space 68608K, 16% used [0x00000000c0000000,0x00000000c0b4d4d0,0x00000000c4300000)
 Metaspace       used 37653K, committed 38400K, reserved 1089536K
  class space    used 3962K, committed 4288K, reserved 1048576K
}
Event: 15.575 GC heap after
{Heap after GC invocations=12 (full 2):
 PSYoungGen      total 24576K, used 948K [0x00000000eab00000, 0x00000000ec680000, 0x0000000100000000)
  eden space 23552K, 0% used [0x00000000eab00000,0x00000000eab00000,0x00000000ec200000)
  from space 1024K, 92% used [0x00000000ec580000,0x00000000ec66d088,0x00000000ec680000)
  to   space 1536K, 0% used [0x00000000ec380000,0x00000000ec380000,0x00000000ec500000)
 ParOldGen       total 68608K, used 11581K [0x00000000c0000000, 0x00000000c4300000, 0x00000000eab00000)
  object space 68608K, 16% used [0x00000000c0000000,0x00000000c0b4f4d0,0x00000000c4300000)
 Metaspace       used 37653K, committed 38400K, reserved 1089536K
  class space    used 3962K, committed 4288K, reserved 1048576K
}
Event: 16.161 GC heap before
{Heap before GC invocations=13 (full 2):
 PSYoungGen      total 24576K, used 24500K [0x00000000eab00000, 0x00000000ec680000, 0x0000000100000000)
  eden space 23552K, 100% used [0x00000000eab00000,0x00000000ec200000,0x00000000ec200000)
  from space 1024K, 92% used [0x00000000ec580000,0x00000000ec66d088,0x00000000ec680000)
  to   space 1536K, 0% used [0x00000000ec380000,0x00000000ec380000,0x00000000ec500000)
 ParOldGen       total 68608K, used 11581K [0x00000000c0000000, 0x00000000c4300000, 0x00000000eab00000)
  object space 68608K, 16% used [0x00000000c0000000,0x00000000c0b4f4d0,0x00000000c4300000)
 Metaspace       used 40528K, committed 41280K, reserved 1089536K
  class space    used 4328K, committed 4672K, reserved 1048576K
}
Event: 16.168 GC heap after
{Heap after GC invocations=13 (full 2):
 PSYoungGen      total 24064K, used 1024K [0x00000000eab00000, 0x00000000ec600000, 0x0000000100000000)
  eden space 23040K, 0% used [0x00000000eab00000,0x00000000eab00000,0x00000000ec180000)
  from space 1024K, 100% used [0x00000000ec380000,0x00000000ec480000,0x00000000ec480000)
  to   space 1536K, 0% used [0x00000000ec480000,0x00000000ec480000,0x00000000ec600000)
 ParOldGen       total 68608K, used 12415K [0x00000000c0000000, 0x00000000c4300000, 0x00000000eab00000)
  object space 68608K, 18% used [0x00000000c0000000,0x00000000c0c1fe98,0x00000000c4300000)
 Metaspace       used 40528K, committed 41280K, reserved 1089536K
  class space    used 4328K, committed 4672K, reserved 1048576K
}
Event: 17.135 GC heap before
{Heap before GC invocations=14 (full 2):
 PSYoungGen      total 24064K, used 24064K [0x00000000eab00000, 0x00000000ec600000, 0x0000000100000000)
  eden space 23040K, 100% used [0x00000000eab00000,0x00000000ec180000,0x00000000ec180000)
  from space 1024K, 100% used [0x00000000ec380000,0x00000000ec480000,0x00000000ec480000)
  to   space 1536K, 0% used [0x00000000ec480000,0x00000000ec480000,0x00000000ec600000)
 ParOldGen       total 68608K, used 12415K [0x00000000c0000000, 0x00000000c4300000, 0x00000000eab00000)
  object space 68608K, 18% used [0x00000000c0000000,0x00000000c0c1fe98,0x00000000c4300000)
 Metaspace       used 43462K, committed 44288K, reserved 1089536K
  class space    used 4703K, committed 5056K, reserved 1048576K
}
Event: 17.139 GC heap after
{Heap after GC invocations=14 (full 2):
 PSYoungGen      total 24064K, used 1520K [0x00000000eab00000, 0x00000000ec700000, 0x0000000100000000)
  eden space 22528K, 0% used [0x00000000eab00000,0x00000000eab00000,0x00000000ec100000)
  from space 1536K, 98% used [0x00000000ec480000,0x00000000ec5fc1b0,0x00000000ec600000)
  to   space 3072K, 0% used [0x00000000ec100000,0x00000000ec100000,0x00000000ec400000)
 ParOldGen       total 68608K, used 13443K [0x00000000c0000000, 0x00000000c4300000, 0x00000000eab00000)
  object space 68608K, 19% used [0x00000000c0000000,0x00000000c0d20dd0,0x00000000c4300000)
 Metaspace       used 43462K, committed 44288K, reserved 1089536K
  class space    used 4703K, committed 5056K, reserved 1048576K
}
Event: 17.727 GC heap before
{Heap before GC invocations=15 (full 2):
 PSYoungGen      total 24064K, used 24048K [0x00000000eab00000, 0x00000000ec700000, 0x0000000100000000)
  eden space 22528K, 100% used [0x00000000eab00000,0x00000000ec100000,0x00000000ec100000)
  from space 1536K, 98% used [0x00000000ec480000,0x00000000ec5fc1b0,0x00000000ec600000)
  to   space 3072K, 0% used [0x00000000ec100000,0x00000000ec100000,0x00000000ec400000)
 ParOldGen       total 68608K, used 13443K [0x00000000c0000000, 0x00000000c4300000, 0x00000000eab00000)
  object space 68608K, 19% used [0x00000000c0000000,0x00000000c0d20dd0,0x00000000c4300000)
 Metaspace       used 46391K, committed 47232K, reserved 1097728K
  class space    used 5034K, committed 5376K, reserved 1048576K
}
Event: 17.737 GC heap after
{Heap after GC invocations=15 (full 2):
 PSYoungGen      total 24576K, used 2400K [0x00000000eab00000, 0x00000000ec580000, 0x0000000100000000)
  eden space 22016K, 0% used [0x00000000eab00000,0x00000000eab00000,0x00000000ec080000)
  from space 2560K, 93% used [0x00000000ec100000,0x00000000ec358000,0x00000000ec380000)
  to   space 2048K, 0% used [0x00000000ec380000,0x00000000ec380000,0x00000000ec580000)
 ParOldGen       total 68608K, used 14951K [0x00000000c0000000, 0x00000000c4300000, 0x00000000eab00000)
  object space 68608K, 21% used [0x00000000c0000000,0x00000000c0e99f48,0x00000000c4300000)
 Metaspace       used 46391K, committed 47232K, reserved 1097728K
  class space    used 5034K, committed 5376K, reserved 1048576K
}
Event: 18.216 GC heap before
{Heap before GC invocations=16 (full 2):
 PSYoungGen      total 24576K, used 24416K [0x00000000eab00000, 0x00000000ec580000, 0x0000000100000000)
  eden space 22016K, 100% used [0x00000000eab00000,0x00000000ec080000,0x00000000ec080000)
  from space 2560K, 93% used [0x00000000ec100000,0x00000000ec358000,0x00000000ec380000)
  to   space 2048K, 0% used [0x00000000ec380000,0x00000000ec380000,0x00000000ec580000)
 ParOldGen       total 68608K, used 14951K [0x00000000c0000000, 0x00000000c4300000, 0x00000000eab00000)
  object space 68608K, 21% used [0x00000000c0000000,0x00000000c0e99f48,0x00000000c4300000)
 Metaspace       used 47709K, committed 48512K, reserved 1097728K
  class space    used 5198K, committed 5568K, reserved 1048576K
}
Event: 18.225 GC heap after
{Heap after GC invocations=16 (full 2):
 PSYoungGen      total 24064K, used 1792K [0x00000000eab00000, 0x00000000ec580000, 0x0000000100000000)
  eden space 22016K, 0% used [0x00000000eab00000,0x00000000eab00000,0x00000000ec080000)
  from space 2048K, 87% used [0x00000000ec380000,0x00000000ec540020,0x00000000ec580000)
  to   space 2048K, 0% used [0x00000000ec180000,0x00000000ec180000,0x00000000ec380000)
 ParOldGen       total 68608K, used 17269K [0x00000000c0000000, 0x00000000c4300000, 0x00000000eab00000)
  object space 68608K, 25% used [0x00000000c0000000,0x00000000c10dd4f0,0x00000000c4300000)
 Metaspace       used 47709K, committed 48512K, reserved 1097728K
  class space    used 5198K, committed 5568K, reserved 1048576K
}

